#! /c/Source/iverilog-install/bin/vvp
:ivl_version "12.0 (devel)" "(s20150603-1110-g18392a46)";
:ivl_delay_selection "TYPICAL";
:vpi_time_precision + 0;
:vpi_module "C:\iverilog\lib\ivl\system.vpi";
:vpi_module "C:\iverilog\lib\ivl\vhdl_sys.vpi";
:vpi_module "C:\iverilog\lib\ivl\vhdl_textio.vpi";
:vpi_module "C:\iverilog\lib\ivl\v2005_math.vpi";
:vpi_module "C:\iverilog\lib\ivl\va_math.vpi";
S_000001d6d81b7720 .scope module, "eight_bit_adder_tb" "eight_bit_adder_tb" 2 3;
 .timescale 0 0;
v000001d6d828a7d0_0 .var "A", 7 0;
v000001d6d8289290_0 .var "B", 7 0;
v000001d6d8289c90_0 .net "Carry", 0 0, L_000001d6d8299240;  1 drivers
v000001d6d828b630_0 .var "Cin", 0 0;
v000001d6d8289330_0 .net "Sum", 7 0, L_000001d6d828a870;  1 drivers
S_000001d6d816a110 .scope module, "ADDER" "eight_bit_adder" 2 12, 3 3 0, S_000001d6d81b7720;
 .timescale 0 0;
    .port_info 0 /INPUT 8 "x";
    .port_info 1 /INPUT 8 "y";
    .port_info 2 /INPUT 1 "carry_in";
    .port_info 3 /OUTPUT 8 "sum";
    .port_info 4 /OUTPUT 1 "carry_out";
v000001d6d828ae10_0 .net "carry_in", 0 0, v000001d6d828b630_0;  1 drivers
v000001d6d828aeb0_0 .net "carry_out", 0 0, L_000001d6d8299240;  alias, 1 drivers
v000001d6d828a2d0_0 .net "mid_carry", 6 0, L_000001d6d828a730;  1 drivers
v000001d6d8289010_0 .net "sum", 7 0, L_000001d6d828a870;  alias, 1 drivers
v000001d6d8289bf0_0 .net "x", 7 0, v000001d6d828a7d0_0;  1 drivers
v000001d6d828a550_0 .net "y", 7 0, v000001d6d8289290_0;  1 drivers
L_000001d6d8289470 .part v000001d6d828a7d0_0, 0, 1;
L_000001d6d8289dd0 .part v000001d6d8289290_0, 0, 1;
L_000001d6d828af50 .part v000001d6d828a7d0_0, 1, 1;
L_000001d6d828b4f0 .part v000001d6d8289290_0, 1, 1;
L_000001d6d828b130 .part L_000001d6d828a730, 0, 1;
L_000001d6d828b310 .part v000001d6d828a7d0_0, 2, 1;
L_000001d6d828b590 .part v000001d6d8289290_0, 2, 1;
L_000001d6d828a690 .part L_000001d6d828a730, 1, 1;
L_000001d6d8289e70 .part v000001d6d828a7d0_0, 3, 1;
L_000001d6d8289f10 .part v000001d6d8289290_0, 3, 1;
L_000001d6d828a4b0 .part L_000001d6d828a730, 2, 1;
L_000001d6d82893d0 .part v000001d6d828a7d0_0, 4, 1;
L_000001d6d828a230 .part v000001d6d8289290_0, 4, 1;
L_000001d6d82895b0 .part L_000001d6d828a730, 3, 1;
L_000001d6d8289fb0 .part v000001d6d828a7d0_0, 5, 1;
L_000001d6d828a050 .part v000001d6d8289290_0, 5, 1;
L_000001d6d828a5f0 .part L_000001d6d828a730, 4, 1;
L_000001d6d828a0f0 .part v000001d6d828a7d0_0, 6, 1;
L_000001d6d828a410 .part v000001d6d8289290_0, 6, 1;
L_000001d6d828b6d0 .part L_000001d6d828a730, 5, 1;
LS_000001d6d828a730_0_0 .concat8 [ 1 1 1 1], L_000001d6d821e310, L_000001d6d828d520, L_000001d6d828f170, L_000001d6d828faa0;
LS_000001d6d828a730_0_4 .concat8 [ 1 1 1 0], L_000001d6d82950b0, L_000001d6d8293bb0, L_000001d6d82956d0;
L_000001d6d828a730 .concat8 [ 4 3 0 0], LS_000001d6d828a730_0_0, LS_000001d6d828a730_0_4;
L_000001d6d828b090 .part v000001d6d828a7d0_0, 7, 1;
L_000001d6d828b1d0 .part v000001d6d8289290_0, 7, 1;
L_000001d6d8289790 .part L_000001d6d828a730, 6, 1;
LS_000001d6d828a870_0_0 .concat8 [ 1 1 1 1], L_000001d6d821e3f0, L_000001d6d828d590, L_000001d6d828d910, L_000001d6d828f9c0;
LS_000001d6d828a870_0_4 .concat8 [ 1 1 1 1], L_000001d6d828eca0, L_000001d6d8293830, L_000001d6d8294160, L_000001d6d8298670;
L_000001d6d828a870 .concat8 [ 4 4 0 0], LS_000001d6d828a870_0_0, LS_000001d6d828a870_0_4;
S_000001d6d816a2a0 .scope module, "FA0" "one_bit_full_adder" 3 16, 4 1 0, S_000001d6d816a110;
 .timescale 0 0;
    .port_info 0 /INPUT 1 "a";
    .port_info 1 /INPUT 1 "b";
    .port_info 2 /INPUT 1 "cin";
    .port_info 3 /OUTPUT 1 "sum";
    .port_info 4 /OUTPUT 1 "cout";
L_000001d6d81b2a90 .functor AND 1, L_000001d6d8289470, L_000001d6d8289dd0, C4<1>, C4<1>;
L_000001d6d81b26a0 .functor AND 1, L_000001d6d81b2a90, v000001d6d828b630_0, C4<1>, C4<1>;
L_000001d6d81b27f0 .functor NOT 1, L_000001d6d8289470, C4<0>, C4<0>, C4<0>;
L_000001d6d81b2710 .functor NOT 1, L_000001d6d8289dd0, C4<0>, C4<0>, C4<0>;
L_000001d6d81b2780 .functor AND 1, L_000001d6d81b27f0, L_000001d6d81b2710, C4<1>, C4<1>;
L_000001d6d81b2240 .functor AND 1, L_000001d6d81b2780, v000001d6d828b630_0, C4<1>, C4<1>;
L_000001d6d81b2940 .functor OR 1, L_000001d6d81b26a0, L_000001d6d81b2240, C4<0>, C4<0>;
L_000001d6d81b22b0 .functor NOT 1, L_000001d6d8289470, C4<0>, C4<0>, C4<0>;
L_000001d6d81b28d0 .functor AND 1, L_000001d6d81b22b0, L_000001d6d8289dd0, C4<1>, C4<1>;
L_000001d6d81b2a20 .functor NOT 1, v000001d6d828b630_0, C4<0>, C4<0>, C4<0>;
L_000001d6d821ddd0 .functor AND 1, L_000001d6d81b28d0, L_000001d6d81b2a20, C4<1>, C4<1>;
L_000001d6d821dcf0 .functor OR 1, L_000001d6d81b2940, L_000001d6d821ddd0, C4<0>, C4<0>;
L_000001d6d821e2a0 .functor NOT 1, L_000001d6d8289dd0, C4<0>, C4<0>, C4<0>;
L_000001d6d821e380 .functor AND 1, L_000001d6d8289470, L_000001d6d821e2a0, C4<1>, C4<1>;
L_000001d6d821de40 .functor NOT 1, v000001d6d828b630_0, C4<0>, C4<0>, C4<0>;
L_000001d6d821e540 .functor AND 1, L_000001d6d821e380, L_000001d6d821de40, C4<1>, C4<1>;
L_000001d6d821e3f0 .functor OR 1, L_000001d6d821dcf0, L_000001d6d821e540, C4<0>, C4<0>;
L_000001d6d821d970 .functor AND 1, L_000001d6d8289470, L_000001d6d8289dd0, C4<1>, C4<1>;
L_000001d6d821df90 .functor AND 1, L_000001d6d821d970, v000001d6d828b630_0, C4<1>, C4<1>;
L_000001d6d821dc10 .functor NOT 1, L_000001d6d8289dd0, C4<0>, C4<0>, C4<0>;
L_000001d6d821dd60 .functor AND 1, L_000001d6d8289470, L_000001d6d821dc10, C4<1>, C4<1>;
L_000001d6d821deb0 .functor AND 1, L_000001d6d821dd60, v000001d6d828b630_0, C4<1>, C4<1>;
L_000001d6d821df20 .functor OR 1, L_000001d6d821df90, L_000001d6d821deb0, C4<0>, C4<0>;
L_000001d6d821e000 .functor NOT 1, L_000001d6d8289470, C4<0>, C4<0>, C4<0>;
L_000001d6d821e070 .functor AND 1, L_000001d6d821e000, L_000001d6d8289dd0, C4<1>, C4<1>;
L_000001d6d821e150 .functor AND 1, L_000001d6d821e070, v000001d6d828b630_0, C4<1>, C4<1>;
L_000001d6d821d890 .functor OR 1, L_000001d6d821df20, L_000001d6d821e150, C4<0>, C4<0>;
L_000001d6d821e0e0 .functor AND 1, L_000001d6d8289470, L_000001d6d8289dd0, C4<1>, C4<1>;
L_000001d6d821d7b0 .functor NOT 1, v000001d6d828b630_0, C4<0>, C4<0>, C4<0>;
L_000001d6d821e1c0 .functor AND 1, L_000001d6d821e0e0, L_000001d6d821d7b0, C4<1>, C4<1>;
L_000001d6d821e310 .functor OR 1, L_000001d6d821d890, L_000001d6d821e1c0, C4<0>, C4<0>;
v000001d6d81ab620_0 .net *"_ivl_0", 0 0, L_000001d6d81b2a90;  1 drivers
v000001d6d81ab6c0_0 .net *"_ivl_10", 0 0, L_000001d6d81b2240;  1 drivers
v000001d6d81aa7c0_0 .net *"_ivl_12", 0 0, L_000001d6d81b2940;  1 drivers
v000001d6d81ab8a0_0 .net *"_ivl_14", 0 0, L_000001d6d81b22b0;  1 drivers
v000001d6d81aaae0_0 .net *"_ivl_16", 0 0, L_000001d6d81b28d0;  1 drivers
v000001d6d81a9aa0_0 .net *"_ivl_18", 0 0, L_000001d6d81b2a20;  1 drivers
v000001d6d81a9b40_0 .net *"_ivl_2", 0 0, L_000001d6d81b26a0;  1 drivers
v000001d6d8194c40_0 .net *"_ivl_20", 0 0, L_000001d6d821ddd0;  1 drivers
v000001d6d81950a0_0 .net *"_ivl_22", 0 0, L_000001d6d821dcf0;  1 drivers
v000001d6d8193b60_0 .net *"_ivl_24", 0 0, L_000001d6d821e2a0;  1 drivers
v000001d6d8194380_0 .net *"_ivl_26", 0 0, L_000001d6d821e380;  1 drivers
v000001d6d815d780_0 .net *"_ivl_28", 0 0, L_000001d6d821de40;  1 drivers
v000001d6d815ddc0_0 .net *"_ivl_30", 0 0, L_000001d6d821e540;  1 drivers
v000001d6d817b0a0_0 .net *"_ivl_34", 0 0, L_000001d6d821d970;  1 drivers
v000001d6d817bb40_0 .net *"_ivl_36", 0 0, L_000001d6d821df90;  1 drivers
v000001d6d8188750_0 .net *"_ivl_38", 0 0, L_000001d6d821dc10;  1 drivers
v000001d6d8187ad0_0 .net *"_ivl_4", 0 0, L_000001d6d81b27f0;  1 drivers
v000001d6d819c9a0_0 .net *"_ivl_40", 0 0, L_000001d6d821dd60;  1 drivers
v000001d6d819cd60_0 .net *"_ivl_42", 0 0, L_000001d6d821deb0;  1 drivers
v000001d6d82140f0_0 .net *"_ivl_44", 0 0, L_000001d6d821df20;  1 drivers
v000001d6d82138d0_0 .net *"_ivl_46", 0 0, L_000001d6d821e000;  1 drivers
v000001d6d8213790_0 .net *"_ivl_48", 0 0, L_000001d6d821e070;  1 drivers
v000001d6d8213dd0_0 .net *"_ivl_50", 0 0, L_000001d6d821e150;  1 drivers
v000001d6d8213830_0 .net *"_ivl_52", 0 0, L_000001d6d821d890;  1 drivers
v000001d6d8213d30_0 .net *"_ivl_54", 0 0, L_000001d6d821e0e0;  1 drivers
v000001d6d8213970_0 .net *"_ivl_56", 0 0, L_000001d6d821d7b0;  1 drivers
v000001d6d82145f0_0 .net *"_ivl_58", 0 0, L_000001d6d821e1c0;  1 drivers
v000001d6d8214d70_0 .net *"_ivl_6", 0 0, L_000001d6d81b2710;  1 drivers
v000001d6d8213510_0 .net *"_ivl_8", 0 0, L_000001d6d81b2780;  1 drivers
v000001d6d82135b0_0 .net "a", 0 0, L_000001d6d8289470;  1 drivers
v000001d6d8215090_0 .net "b", 0 0, L_000001d6d8289dd0;  1 drivers
v000001d6d8214af0_0 .net "cin", 0 0, v000001d6d828b630_0;  alias, 1 drivers
v000001d6d8214e10_0 .net "cout", 0 0, L_000001d6d821e310;  1 drivers
v000001d6d8213e70_0 .net "sum", 0 0, L_000001d6d821e3f0;  1 drivers
S_000001d6d816a430 .scope module, "FA1" "one_bit_full_adder" 3 17, 4 1 0, S_000001d6d816a110;
 .timescale 0 0;
    .port_info 0 /INPUT 1 "a";
    .port_info 1 /INPUT 1 "b";
    .port_info 2 /INPUT 1 "cin";
    .port_info 3 /OUTPUT 1 "sum";
    .port_info 4 /OUTPUT 1 "cout";
L_000001d6d821e230 .functor AND 1, L_000001d6d828af50, L_000001d6d828b4f0, C4<1>, C4<1>;
L_000001d6d821e460 .functor AND 1, L_000001d6d821e230, L_000001d6d828b130, C4<1>, C4<1>;
L_000001d6d821e4d0 .functor NOT 1, L_000001d6d828af50, C4<0>, C4<0>, C4<0>;
L_000001d6d821e5b0 .functor NOT 1, L_000001d6d828b4f0, C4<0>, C4<0>, C4<0>;
L_000001d6d821e620 .functor AND 1, L_000001d6d821e4d0, L_000001d6d821e5b0, C4<1>, C4<1>;
L_000001d6d821d900 .functor AND 1, L_000001d6d821e620, L_000001d6d828b130, C4<1>, C4<1>;
L_000001d6d821e690 .functor OR 1, L_000001d6d821e460, L_000001d6d821d900, C4<0>, C4<0>;
L_000001d6d821dba0 .functor NOT 1, L_000001d6d828af50, C4<0>, C4<0>, C4<0>;
L_000001d6d821d820 .functor AND 1, L_000001d6d821dba0, L_000001d6d828b4f0, C4<1>, C4<1>;
L_000001d6d821d9e0 .functor NOT 1, L_000001d6d828b130, C4<0>, C4<0>, C4<0>;
L_000001d6d821da50 .functor AND 1, L_000001d6d821d820, L_000001d6d821d9e0, C4<1>, C4<1>;
L_000001d6d821dac0 .functor OR 1, L_000001d6d821e690, L_000001d6d821da50, C4<0>, C4<0>;
L_000001d6d821dc80 .functor NOT 1, L_000001d6d828b4f0, C4<0>, C4<0>, C4<0>;
L_000001d6d828d750 .functor AND 1, L_000001d6d828af50, L_000001d6d821dc80, C4<1>, C4<1>;
L_000001d6d828cf70 .functor NOT 1, L_000001d6d828b130, C4<0>, C4<0>, C4<0>;
L_000001d6d828d440 .functor AND 1, L_000001d6d828d750, L_000001d6d828cf70, C4<1>, C4<1>;
L_000001d6d828d590 .functor OR 1, L_000001d6d821dac0, L_000001d6d828d440, C4<0>, C4<0>;
L_000001d6d828d2f0 .functor AND 1, L_000001d6d828af50, L_000001d6d828b4f0, C4<1>, C4<1>;
L_000001d6d828d6e0 .functor AND 1, L_000001d6d828d2f0, L_000001d6d828b130, C4<1>, C4<1>;
L_000001d6d828dd70 .functor NOT 1, L_000001d6d828b4f0, C4<0>, C4<0>, C4<0>;
L_000001d6d828d130 .functor AND 1, L_000001d6d828af50, L_000001d6d828dd70, C4<1>, C4<1>;
L_000001d6d828d050 .functor AND 1, L_000001d6d828d130, L_000001d6d828b130, C4<1>, C4<1>;
L_000001d6d828d0c0 .functor OR 1, L_000001d6d828d6e0, L_000001d6d828d050, C4<0>, C4<0>;
L_000001d6d828dc20 .functor NOT 1, L_000001d6d828af50, C4<0>, C4<0>, C4<0>;
L_000001d6d828d7c0 .functor AND 1, L_000001d6d828dc20, L_000001d6d828b4f0, C4<1>, C4<1>;
L_000001d6d828da60 .functor AND 1, L_000001d6d828d7c0, L_000001d6d828b130, C4<1>, C4<1>;
L_000001d6d828d980 .functor OR 1, L_000001d6d828d0c0, L_000001d6d828da60, C4<0>, C4<0>;
L_000001d6d828d830 .functor AND 1, L_000001d6d828af50, L_000001d6d828b4f0, C4<1>, C4<1>;
L_000001d6d828dad0 .functor NOT 1, L_000001d6d828b130, C4<0>, C4<0>, C4<0>;
L_000001d6d828dd00 .functor AND 1, L_000001d6d828d830, L_000001d6d828dad0, C4<1>, C4<1>;
L_000001d6d828d520 .functor OR 1, L_000001d6d828d980, L_000001d6d828dd00, C4<0>, C4<0>;
v000001d6d8213c90_0 .net *"_ivl_0", 0 0, L_000001d6d821e230;  1 drivers
v000001d6d8214f50_0 .net *"_ivl_10", 0 0, L_000001d6d821d900;  1 drivers
v000001d6d8213f10_0 .net *"_ivl_12", 0 0, L_000001d6d821e690;  1 drivers
v000001d6d8213a10_0 .net *"_ivl_14", 0 0, L_000001d6d821dba0;  1 drivers
v000001d6d8215270_0 .net *"_ivl_16", 0 0, L_000001d6d821d820;  1 drivers
v000001d6d8214690_0 .net *"_ivl_18", 0 0, L_000001d6d821d9e0;  1 drivers
v000001d6d8214230_0 .net *"_ivl_2", 0 0, L_000001d6d821e460;  1 drivers
v000001d6d8213fb0_0 .net *"_ivl_20", 0 0, L_000001d6d821da50;  1 drivers
v000001d6d8213ab0_0 .net *"_ivl_22", 0 0, L_000001d6d821dac0;  1 drivers
v000001d6d8213650_0 .net *"_ivl_24", 0 0, L_000001d6d821dc80;  1 drivers
v000001d6d82136f0_0 .net *"_ivl_26", 0 0, L_000001d6d828d750;  1 drivers
v000001d6d8213b50_0 .net *"_ivl_28", 0 0, L_000001d6d828cf70;  1 drivers
v000001d6d8214370_0 .net *"_ivl_30", 0 0, L_000001d6d828d440;  1 drivers
v000001d6d8214b90_0 .net *"_ivl_34", 0 0, L_000001d6d828d2f0;  1 drivers
v000001d6d8214050_0 .net *"_ivl_36", 0 0, L_000001d6d828d6e0;  1 drivers
v000001d6d8214190_0 .net *"_ivl_38", 0 0, L_000001d6d828dd70;  1 drivers
v000001d6d8214ff0_0 .net *"_ivl_4", 0 0, L_000001d6d821e4d0;  1 drivers
v000001d6d8213bf0_0 .net *"_ivl_40", 0 0, L_000001d6d828d130;  1 drivers
v000001d6d8214410_0 .net *"_ivl_42", 0 0, L_000001d6d828d050;  1 drivers
v000001d6d82147d0_0 .net *"_ivl_44", 0 0, L_000001d6d828d0c0;  1 drivers
v000001d6d82142d0_0 .net *"_ivl_46", 0 0, L_000001d6d828dc20;  1 drivers
v000001d6d8215130_0 .net *"_ivl_48", 0 0, L_000001d6d828d7c0;  1 drivers
v000001d6d82144b0_0 .net *"_ivl_50", 0 0, L_000001d6d828da60;  1 drivers
v000001d6d8214550_0 .net *"_ivl_52", 0 0, L_000001d6d828d980;  1 drivers
v000001d6d8214730_0 .net *"_ivl_54", 0 0, L_000001d6d828d830;  1 drivers
v000001d6d8214c30_0 .net *"_ivl_56", 0 0, L_000001d6d828dad0;  1 drivers
v000001d6d8214870_0 .net *"_ivl_58", 0 0, L_000001d6d828dd00;  1 drivers
v000001d6d8214910_0 .net *"_ivl_6", 0 0, L_000001d6d821e5b0;  1 drivers
v000001d6d82151d0_0 .net *"_ivl_8", 0 0, L_000001d6d821e620;  1 drivers
v000001d6d8214cd0_0 .net "a", 0 0, L_000001d6d828af50;  1 drivers
v000001d6d82149b0_0 .net "b", 0 0, L_000001d6d828b4f0;  1 drivers
v000001d6d8214eb0_0 .net "cin", 0 0, L_000001d6d828b130;  1 drivers
v000001d6d8214a50_0 .net "cout", 0 0, L_000001d6d828d520;  1 drivers
v000001d6d82133d0_0 .net "sum", 0 0, L_000001d6d828d590;  1 drivers
S_000001d6d8276d50 .scope module, "FA2" "one_bit_full_adder" 3 18, 4 1 0, S_000001d6d816a110;
 .timescale 0 0;
    .port_info 0 /INPUT 1 "a";
    .port_info 1 /INPUT 1 "b";
    .port_info 2 /INPUT 1 "cin";
    .port_info 3 /OUTPUT 1 "sum";
    .port_info 4 /OUTPUT 1 "cout";
L_000001d6d828d600 .functor AND 1, L_000001d6d828b310, L_000001d6d828b590, C4<1>, C4<1>;
L_000001d6d828d360 .functor AND 1, L_000001d6d828d600, L_000001d6d828a690, C4<1>, C4<1>;
L_000001d6d828d670 .functor NOT 1, L_000001d6d828b310, C4<0>, C4<0>, C4<0>;
L_000001d6d828dde0 .functor NOT 1, L_000001d6d828b590, C4<0>, C4<0>, C4<0>;
L_000001d6d828db40 .functor AND 1, L_000001d6d828d670, L_000001d6d828dde0, C4<1>, C4<1>;
L_000001d6d828d9f0 .functor AND 1, L_000001d6d828db40, L_000001d6d828a690, C4<1>, C4<1>;
L_000001d6d828d3d0 .functor OR 1, L_000001d6d828d360, L_000001d6d828d9f0, C4<0>, C4<0>;
L_000001d6d828cfe0 .functor NOT 1, L_000001d6d828b310, C4<0>, C4<0>, C4<0>;
L_000001d6d828dc90 .functor AND 1, L_000001d6d828cfe0, L_000001d6d828b590, C4<1>, C4<1>;
L_000001d6d828dbb0 .functor NOT 1, L_000001d6d828a690, C4<0>, C4<0>, C4<0>;
L_000001d6d828d4b0 .functor AND 1, L_000001d6d828dc90, L_000001d6d828dbb0, C4<1>, C4<1>;
L_000001d6d828d8a0 .functor OR 1, L_000001d6d828d3d0, L_000001d6d828d4b0, C4<0>, C4<0>;
L_000001d6d828de50 .functor NOT 1, L_000001d6d828b590, C4<0>, C4<0>, C4<0>;
L_000001d6d828d210 .functor AND 1, L_000001d6d828b310, L_000001d6d828de50, C4<1>, C4<1>;
L_000001d6d828d1a0 .functor NOT 1, L_000001d6d828a690, C4<0>, C4<0>, C4<0>;
L_000001d6d828d280 .functor AND 1, L_000001d6d828d210, L_000001d6d828d1a0, C4<1>, C4<1>;
L_000001d6d828d910 .functor OR 1, L_000001d6d828d8a0, L_000001d6d828d280, C4<0>, C4<0>;
L_000001d6d821db30 .functor AND 1, L_000001d6d828b310, L_000001d6d828b590, C4<1>, C4<1>;
L_000001d6d828eae0 .functor AND 1, L_000001d6d821db30, L_000001d6d828a690, C4<1>, C4<1>;
L_000001d6d828e140 .functor NOT 1, L_000001d6d828b590, C4<0>, C4<0>, C4<0>;
L_000001d6d828dff0 .functor AND 1, L_000001d6d828b310, L_000001d6d828e140, C4<1>, C4<1>;
L_000001d6d828df80 .functor AND 1, L_000001d6d828dff0, L_000001d6d828a690, C4<1>, C4<1>;
L_000001d6d828ed10 .functor OR 1, L_000001d6d828eae0, L_000001d6d828df80, C4<0>, C4<0>;
L_000001d6d828e8b0 .functor NOT 1, L_000001d6d828b310, C4<0>, C4<0>, C4<0>;
L_000001d6d828f090 .functor AND 1, L_000001d6d828e8b0, L_000001d6d828b590, C4<1>, C4<1>;
L_000001d6d828e1b0 .functor AND 1, L_000001d6d828f090, L_000001d6d828a690, C4<1>, C4<1>;
L_000001d6d828e060 .functor OR 1, L_000001d6d828ed10, L_000001d6d828e1b0, C4<0>, C4<0>;
L_000001d6d828f790 .functor AND 1, L_000001d6d828b310, L_000001d6d828b590, C4<1>, C4<1>;
L_000001d6d828e220 .functor NOT 1, L_000001d6d828a690, C4<0>, C4<0>, C4<0>;
L_000001d6d828e0d0 .functor AND 1, L_000001d6d828f790, L_000001d6d828e220, C4<1>, C4<1>;
L_000001d6d828f170 .functor OR 1, L_000001d6d828e060, L_000001d6d828e0d0, C4<0>, C4<0>;
v000001d6d8213470_0 .net *"_ivl_0", 0 0, L_000001d6d828d600;  1 drivers
v000001d6d8215b60_0 .net *"_ivl_10", 0 0, L_000001d6d828d9f0;  1 drivers
v000001d6d8215660_0 .net *"_ivl_12", 0 0, L_000001d6d828d3d0;  1 drivers
v000001d6d8215520_0 .net *"_ivl_14", 0 0, L_000001d6d828cfe0;  1 drivers
v000001d6d82161a0_0 .net *"_ivl_16", 0 0, L_000001d6d828dc90;  1 drivers
v000001d6d8216a60_0 .net *"_ivl_18", 0 0, L_000001d6d828dbb0;  1 drivers
v000001d6d8215ac0_0 .net *"_ivl_2", 0 0, L_000001d6d828d360;  1 drivers
v000001d6d8215e80_0 .net *"_ivl_20", 0 0, L_000001d6d828d4b0;  1 drivers
v000001d6d82169c0_0 .net *"_ivl_22", 0 0, L_000001d6d828d8a0;  1 drivers
v000001d6d8216740_0 .net *"_ivl_24", 0 0, L_000001d6d828de50;  1 drivers
v000001d6d8215980_0 .net *"_ivl_26", 0 0, L_000001d6d828d210;  1 drivers
v000001d6d8215c00_0 .net *"_ivl_28", 0 0, L_000001d6d828d1a0;  1 drivers
v000001d6d8216240_0 .net *"_ivl_30", 0 0, L_000001d6d828d280;  1 drivers
v000001d6d82158e0_0 .net *"_ivl_34", 0 0, L_000001d6d821db30;  1 drivers
v000001d6d8216d80_0 .net *"_ivl_36", 0 0, L_000001d6d828eae0;  1 drivers
v000001d6d8215a20_0 .net *"_ivl_38", 0 0, L_000001d6d828e140;  1 drivers
v000001d6d8216ce0_0 .net *"_ivl_4", 0 0, L_000001d6d828d670;  1 drivers
v000001d6d82167e0_0 .net *"_ivl_40", 0 0, L_000001d6d828dff0;  1 drivers
v000001d6d8215ca0_0 .net *"_ivl_42", 0 0, L_000001d6d828df80;  1 drivers
v000001d6d82162e0_0 .net *"_ivl_44", 0 0, L_000001d6d828ed10;  1 drivers
v000001d6d8216600_0 .net *"_ivl_46", 0 0, L_000001d6d828e8b0;  1 drivers
v000001d6d8215f20_0 .net *"_ivl_48", 0 0, L_000001d6d828f090;  1 drivers
v000001d6d82170a0_0 .net *"_ivl_50", 0 0, L_000001d6d828e1b0;  1 drivers
v000001d6d8216ba0_0 .net *"_ivl_52", 0 0, L_000001d6d828e060;  1 drivers
v000001d6d8216880_0 .net *"_ivl_54", 0 0, L_000001d6d828f790;  1 drivers
v000001d6d8216b00_0 .net *"_ivl_56", 0 0, L_000001d6d828e220;  1 drivers
v000001d6d8215d40_0 .net *"_ivl_58", 0 0, L_000001d6d828e0d0;  1 drivers
v000001d6d8216c40_0 .net *"_ivl_6", 0 0, L_000001d6d828dde0;  1 drivers
v000001d6d8216380_0 .net *"_ivl_8", 0 0, L_000001d6d828db40;  1 drivers
v000001d6d8216060_0 .net "a", 0 0, L_000001d6d828b310;  1 drivers
v000001d6d8215de0_0 .net "b", 0 0, L_000001d6d828b590;  1 drivers
v000001d6d8216920_0 .net "cin", 0 0, L_000001d6d828a690;  1 drivers
v000001d6d8216e20_0 .net "cout", 0 0, L_000001d6d828f170;  1 drivers
v000001d6d8217140_0 .net "sum", 0 0, L_000001d6d828d910;  1 drivers
S_000001d6d82173a0 .scope module, "FA3" "one_bit_full_adder" 3 19, 4 1 0, S_000001d6d816a110;
 .timescale 0 0;
    .port_info 0 /INPUT 1 "a";
    .port_info 1 /INPUT 1 "b";
    .port_info 2 /INPUT 1 "cin";
    .port_info 3 /OUTPUT 1 "sum";
    .port_info 4 /OUTPUT 1 "cout";
L_000001d6d828e990 .functor AND 1, L_000001d6d8289e70, L_000001d6d8289f10, C4<1>, C4<1>;
L_000001d6d828f100 .functor AND 1, L_000001d6d828e990, L_000001d6d828a4b0, C4<1>, C4<1>;
L_000001d6d828ea00 .functor NOT 1, L_000001d6d8289e70, C4<0>, C4<0>, C4<0>;
L_000001d6d828f640 .functor NOT 1, L_000001d6d8289f10, C4<0>, C4<0>, C4<0>;
L_000001d6d828f560 .functor AND 1, L_000001d6d828ea00, L_000001d6d828f640, C4<1>, C4<1>;
L_000001d6d828f1e0 .functor AND 1, L_000001d6d828f560, L_000001d6d828a4b0, C4<1>, C4<1>;
L_000001d6d828e610 .functor OR 1, L_000001d6d828f100, L_000001d6d828f1e0, C4<0>, C4<0>;
L_000001d6d828e450 .functor NOT 1, L_000001d6d8289e70, C4<0>, C4<0>, C4<0>;
L_000001d6d828ea70 .functor AND 1, L_000001d6d828e450, L_000001d6d8289f10, C4<1>, C4<1>;
L_000001d6d828f6b0 .functor NOT 1, L_000001d6d828a4b0, C4<0>, C4<0>, C4<0>;
L_000001d6d828f720 .functor AND 1, L_000001d6d828ea70, L_000001d6d828f6b0, C4<1>, C4<1>;
L_000001d6d828e290 .functor OR 1, L_000001d6d828e610, L_000001d6d828f720, C4<0>, C4<0>;
L_000001d6d828f800 .functor NOT 1, L_000001d6d8289f10, C4<0>, C4<0>, C4<0>;
L_000001d6d828eb50 .functor AND 1, L_000001d6d8289e70, L_000001d6d828f800, C4<1>, C4<1>;
L_000001d6d828e530 .functor NOT 1, L_000001d6d828a4b0, C4<0>, C4<0>, C4<0>;
L_000001d6d828e5a0 .functor AND 1, L_000001d6d828eb50, L_000001d6d828e530, C4<1>, C4<1>;
L_000001d6d828f9c0 .functor OR 1, L_000001d6d828e290, L_000001d6d828e5a0, C4<0>, C4<0>;
L_000001d6d828f8e0 .functor AND 1, L_000001d6d8289e70, L_000001d6d8289f10, C4<1>, C4<1>;
L_000001d6d828e300 .functor AND 1, L_000001d6d828f8e0, L_000001d6d828a4b0, C4<1>, C4<1>;
L_000001d6d828e920 .functor NOT 1, L_000001d6d8289f10, C4<0>, C4<0>, C4<0>;
L_000001d6d828f870 .functor AND 1, L_000001d6d8289e70, L_000001d6d828e920, C4<1>, C4<1>;
L_000001d6d828e3e0 .functor AND 1, L_000001d6d828f870, L_000001d6d828a4b0, C4<1>, C4<1>;
L_000001d6d828fa30 .functor OR 1, L_000001d6d828e300, L_000001d6d828e3e0, C4<0>, C4<0>;
L_000001d6d828ed80 .functor NOT 1, L_000001d6d8289e70, C4<0>, C4<0>, C4<0>;
L_000001d6d828f950 .functor AND 1, L_000001d6d828ed80, L_000001d6d8289f10, C4<1>, C4<1>;
L_000001d6d828f250 .functor AND 1, L_000001d6d828f950, L_000001d6d828a4b0, C4<1>, C4<1>;
L_000001d6d828e370 .functor OR 1, L_000001d6d828fa30, L_000001d6d828f250, C4<0>, C4<0>;
L_000001d6d828e4c0 .functor AND 1, L_000001d6d8289e70, L_000001d6d8289f10, C4<1>, C4<1>;
L_000001d6d828ebc0 .functor NOT 1, L_000001d6d828a4b0, C4<0>, C4<0>, C4<0>;
L_000001d6d828efb0 .functor AND 1, L_000001d6d828e4c0, L_000001d6d828ebc0, C4<1>, C4<1>;
L_000001d6d828faa0 .functor OR 1, L_000001d6d828e370, L_000001d6d828efb0, C4<0>, C4<0>;
v000001d6d8215fc0_0 .net *"_ivl_0", 0 0, L_000001d6d828e990;  1 drivers
v000001d6d8215480_0 .net *"_ivl_10", 0 0, L_000001d6d828f1e0;  1 drivers
v000001d6d8216ec0_0 .net *"_ivl_12", 0 0, L_000001d6d828e610;  1 drivers
v000001d6d8216f60_0 .net *"_ivl_14", 0 0, L_000001d6d828e450;  1 drivers
v000001d6d8216420_0 .net *"_ivl_16", 0 0, L_000001d6d828ea70;  1 drivers
v000001d6d8216100_0 .net *"_ivl_18", 0 0, L_000001d6d828f6b0;  1 drivers
v000001d6d8217000_0 .net *"_ivl_2", 0 0, L_000001d6d828f100;  1 drivers
v000001d6d82171e0_0 .net *"_ivl_20", 0 0, L_000001d6d828f720;  1 drivers
v000001d6d82164c0_0 .net *"_ivl_22", 0 0, L_000001d6d828e290;  1 drivers
v000001d6d8216560_0 .net *"_ivl_24", 0 0, L_000001d6d828f800;  1 drivers
v000001d6d82166a0_0 .net *"_ivl_26", 0 0, L_000001d6d828eb50;  1 drivers
v000001d6d8217280_0 .net *"_ivl_28", 0 0, L_000001d6d828e530;  1 drivers
v000001d6d82153e0_0 .net *"_ivl_30", 0 0, L_000001d6d828e5a0;  1 drivers
v000001d6d82155c0_0 .net *"_ivl_34", 0 0, L_000001d6d828f8e0;  1 drivers
v000001d6d8215700_0 .net *"_ivl_36", 0 0, L_000001d6d828e300;  1 drivers
v000001d6d82157a0_0 .net *"_ivl_38", 0 0, L_000001d6d828e920;  1 drivers
v000001d6d8215840_0 .net *"_ivl_4", 0 0, L_000001d6d828ea00;  1 drivers
v000001d6d82191a0_0 .net *"_ivl_40", 0 0, L_000001d6d828f870;  1 drivers
v000001d6d8217b20_0 .net *"_ivl_42", 0 0, L_000001d6d828e3e0;  1 drivers
v000001d6d8218b60_0 .net *"_ivl_44", 0 0, L_000001d6d828fa30;  1 drivers
v000001d6d8219420_0 .net *"_ivl_46", 0 0, L_000001d6d828ed80;  1 drivers
v000001d6d8217d00_0 .net *"_ivl_48", 0 0, L_000001d6d828f950;  1 drivers
v000001d6d82178a0_0 .net *"_ivl_50", 0 0, L_000001d6d828f250;  1 drivers
v000001d6d8218ca0_0 .net *"_ivl_52", 0 0, L_000001d6d828e370;  1 drivers
v000001d6d8218160_0 .net *"_ivl_54", 0 0, L_000001d6d828e4c0;  1 drivers
v000001d6d8217760_0 .net *"_ivl_56", 0 0, L_000001d6d828ebc0;  1 drivers
v000001d6d8218d40_0 .net *"_ivl_58", 0 0, L_000001d6d828efb0;  1 drivers
v000001d6d8218de0_0 .net *"_ivl_6", 0 0, L_000001d6d828f640;  1 drivers
v000001d6d8218480_0 .net *"_ivl_8", 0 0, L_000001d6d828f560;  1 drivers
v000001d6d8217da0_0 .net "a", 0 0, L_000001d6d8289e70;  1 drivers
v000001d6d8219100_0 .net "b", 0 0, L_000001d6d8289f10;  1 drivers
v000001d6d8217f80_0 .net "cin", 0 0, L_000001d6d828a4b0;  1 drivers
v000001d6d82180c0_0 .net "cout", 0 0, L_000001d6d828faa0;  1 drivers
v000001d6d8218660_0 .net "sum", 0 0, L_000001d6d828f9c0;  1 drivers
S_000001d6d82882a0 .scope module, "FA4" "one_bit_full_adder" 3 20, 4 1 0, S_000001d6d816a110;
 .timescale 0 0;
    .port_info 0 /INPUT 1 "a";
    .port_info 1 /INPUT 1 "b";
    .port_info 2 /INPUT 1 "cin";
    .port_info 3 /OUTPUT 1 "sum";
    .port_info 4 /OUTPUT 1 "cout";
L_000001d6d828fb10 .functor AND 1, L_000001d6d82893d0, L_000001d6d828a230, C4<1>, C4<1>;
L_000001d6d828f020 .functor AND 1, L_000001d6d828fb10, L_000001d6d82895b0, C4<1>, C4<1>;
L_000001d6d828e680 .functor NOT 1, L_000001d6d82893d0, C4<0>, C4<0>, C4<0>;
L_000001d6d828edf0 .functor NOT 1, L_000001d6d828a230, C4<0>, C4<0>, C4<0>;
L_000001d6d828ec30 .functor AND 1, L_000001d6d828e680, L_000001d6d828edf0, C4<1>, C4<1>;
L_000001d6d828f4f0 .functor AND 1, L_000001d6d828ec30, L_000001d6d82895b0, C4<1>, C4<1>;
L_000001d6d828e6f0 .functor OR 1, L_000001d6d828f020, L_000001d6d828f4f0, C4<0>, C4<0>;
L_000001d6d828f2c0 .functor NOT 1, L_000001d6d82893d0, C4<0>, C4<0>, C4<0>;
L_000001d6d828f330 .functor AND 1, L_000001d6d828f2c0, L_000001d6d828a230, C4<1>, C4<1>;
L_000001d6d828e760 .functor NOT 1, L_000001d6d82895b0, C4<0>, C4<0>, C4<0>;
L_000001d6d828e7d0 .functor AND 1, L_000001d6d828f330, L_000001d6d828e760, C4<1>, C4<1>;
L_000001d6d828f3a0 .functor OR 1, L_000001d6d828e6f0, L_000001d6d828e7d0, C4<0>, C4<0>;
L_000001d6d828ef40 .functor NOT 1, L_000001d6d828a230, C4<0>, C4<0>, C4<0>;
L_000001d6d828e840 .functor AND 1, L_000001d6d82893d0, L_000001d6d828ef40, C4<1>, C4<1>;
L_000001d6d828ee60 .functor NOT 1, L_000001d6d82895b0, C4<0>, C4<0>, C4<0>;
L_000001d6d828f480 .functor AND 1, L_000001d6d828e840, L_000001d6d828ee60, C4<1>, C4<1>;
L_000001d6d828eca0 .functor OR 1, L_000001d6d828f3a0, L_000001d6d828f480, C4<0>, C4<0>;
L_000001d6d828f410 .functor AND 1, L_000001d6d82893d0, L_000001d6d828a230, C4<1>, C4<1>;
L_000001d6d828eed0 .functor AND 1, L_000001d6d828f410, L_000001d6d82895b0, C4<1>, C4<1>;
L_000001d6d828f5d0 .functor NOT 1, L_000001d6d828a230, C4<0>, C4<0>, C4<0>;
L_000001d6d828fbf0 .functor AND 1, L_000001d6d82893d0, L_000001d6d828f5d0, C4<1>, C4<1>;
L_000001d6d828fd40 .functor AND 1, L_000001d6d828fbf0, L_000001d6d82895b0, C4<1>, C4<1>;
L_000001d6d828fb80 .functor OR 1, L_000001d6d828eed0, L_000001d6d828fd40, C4<0>, C4<0>;
L_000001d6d828fdb0 .functor NOT 1, L_000001d6d82893d0, C4<0>, C4<0>, C4<0>;
L_000001d6d828fc60 .functor AND 1, L_000001d6d828fdb0, L_000001d6d828a230, C4<1>, C4<1>;
L_000001d6d828fe20 .functor AND 1, L_000001d6d828fc60, L_000001d6d82895b0, C4<1>, C4<1>;
L_000001d6d828fcd0 .functor OR 1, L_000001d6d828fb80, L_000001d6d828fe20, C4<0>, C4<0>;
L_000001d6d828fe90 .functor AND 1, L_000001d6d82893d0, L_000001d6d828a230, C4<1>, C4<1>;
L_000001d6d8294c50 .functor NOT 1, L_000001d6d82895b0, C4<0>, C4<0>, C4<0>;
L_000001d6d82948d0 .functor AND 1, L_000001d6d828fe90, L_000001d6d8294c50, C4<1>, C4<1>;
L_000001d6d82950b0 .functor OR 1, L_000001d6d828fcd0, L_000001d6d82948d0, C4<0>, C4<0>;
v000001d6d82183e0_0 .net *"_ivl_0", 0 0, L_000001d6d828fb10;  1 drivers
v000001d6d82185c0_0 .net *"_ivl_10", 0 0, L_000001d6d828f4f0;  1 drivers
v000001d6d8218700_0 .net *"_ivl_12", 0 0, L_000001d6d828e6f0;  1 drivers
v000001d6d8218520_0 .net *"_ivl_14", 0 0, L_000001d6d828f2c0;  1 drivers
v000001d6d8218840_0 .net *"_ivl_16", 0 0, L_000001d6d828f330;  1 drivers
v000001d6d8218020_0 .net *"_ivl_18", 0 0, L_000001d6d828e760;  1 drivers
v000001d6d8218200_0 .net *"_ivl_2", 0 0, L_000001d6d828f020;  1 drivers
v000001d6d8219240_0 .net *"_ivl_20", 0 0, L_000001d6d828e7d0;  1 drivers
v000001d6d82187a0_0 .net *"_ivl_22", 0 0, L_000001d6d828f3a0;  1 drivers
v000001d6d8218c00_0 .net *"_ivl_24", 0 0, L_000001d6d828ef40;  1 drivers
v000001d6d8217580_0 .net *"_ivl_26", 0 0, L_000001d6d828e840;  1 drivers
v000001d6d8217e40_0 .net *"_ivl_28", 0 0, L_000001d6d828ee60;  1 drivers
v000001d6d8217940_0 .net *"_ivl_30", 0 0, L_000001d6d828f480;  1 drivers
v000001d6d8218e80_0 .net *"_ivl_34", 0 0, L_000001d6d828f410;  1 drivers
v000001d6d82182a0_0 .net *"_ivl_36", 0 0, L_000001d6d828eed0;  1 drivers
v000001d6d8217800_0 .net *"_ivl_38", 0 0, L_000001d6d828f5d0;  1 drivers
v000001d6d8218f20_0 .net *"_ivl_4", 0 0, L_000001d6d828e680;  1 drivers
v000001d6d8218fc0_0 .net *"_ivl_40", 0 0, L_000001d6d828fbf0;  1 drivers
v000001d6d82188e0_0 .net *"_ivl_42", 0 0, L_000001d6d828fd40;  1 drivers
v000001d6d8217ee0_0 .net *"_ivl_44", 0 0, L_000001d6d828fb80;  1 drivers
v000001d6d8218980_0 .net *"_ivl_46", 0 0, L_000001d6d828fdb0;  1 drivers
v000001d6d8218340_0 .net *"_ivl_48", 0 0, L_000001d6d828fc60;  1 drivers
v000001d6d8218a20_0 .net *"_ivl_50", 0 0, L_000001d6d828fe20;  1 drivers
v000001d6d82179e0_0 .net *"_ivl_52", 0 0, L_000001d6d828fcd0;  1 drivers
v000001d6d8218ac0_0 .net *"_ivl_54", 0 0, L_000001d6d828fe90;  1 drivers
v000001d6d8219060_0 .net *"_ivl_56", 0 0, L_000001d6d8294c50;  1 drivers
v000001d6d8217a80_0 .net *"_ivl_58", 0 0, L_000001d6d82948d0;  1 drivers
v000001d6d82192e0_0 .net *"_ivl_6", 0 0, L_000001d6d828edf0;  1 drivers
v000001d6d8219380_0 .net *"_ivl_8", 0 0, L_000001d6d828ec30;  1 drivers
v000001d6d8217bc0_0 .net "a", 0 0, L_000001d6d82893d0;  1 drivers
v000001d6d8217620_0 .net "b", 0 0, L_000001d6d828a230;  1 drivers
v000001d6d82176c0_0 .net "cin", 0 0, L_000001d6d82895b0;  1 drivers
v000001d6d8217c60_0 .net "cout", 0 0, L_000001d6d82950b0;  1 drivers
v000001d6d821b620_0 .net "sum", 0 0, L_000001d6d828eca0;  1 drivers
S_000001d6d8288640 .scope module, "FA5" "one_bit_full_adder" 3 21, 4 1 0, S_000001d6d816a110;
 .timescale 0 0;
    .port_info 0 /INPUT 1 "a";
    .port_info 1 /INPUT 1 "b";
    .port_info 2 /INPUT 1 "cin";
    .port_info 3 /OUTPUT 1 "sum";
    .port_info 4 /OUTPUT 1 "cout";
L_000001d6d82952e0 .functor AND 1, L_000001d6d8289fb0, L_000001d6d828a050, C4<1>, C4<1>;
L_000001d6d8295120 .functor AND 1, L_000001d6d82952e0, L_000001d6d828a5f0, C4<1>, C4<1>;
L_000001d6d82946a0 .functor NOT 1, L_000001d6d8289fb0, C4<0>, C4<0>, C4<0>;
L_000001d6d8293e50 .functor NOT 1, L_000001d6d828a050, C4<0>, C4<0>, C4<0>;
L_000001d6d8295270 .functor AND 1, L_000001d6d82946a0, L_000001d6d8293e50, C4<1>, C4<1>;
L_000001d6d8293d00 .functor AND 1, L_000001d6d8295270, L_000001d6d828a5f0, C4<1>, C4<1>;
L_000001d6d8295350 .functor OR 1, L_000001d6d8295120, L_000001d6d8293d00, C4<0>, C4<0>;
L_000001d6d8294710 .functor NOT 1, L_000001d6d8289fb0, C4<0>, C4<0>, C4<0>;
L_000001d6d8293b40 .functor AND 1, L_000001d6d8294710, L_000001d6d828a050, C4<1>, C4<1>;
L_000001d6d8294860 .functor NOT 1, L_000001d6d828a5f0, C4<0>, C4<0>, C4<0>;
L_000001d6d8295190 .functor AND 1, L_000001d6d8293b40, L_000001d6d8294860, C4<1>, C4<1>;
L_000001d6d82953c0 .functor OR 1, L_000001d6d8295350, L_000001d6d8295190, C4<0>, C4<0>;
L_000001d6d8294550 .functor NOT 1, L_000001d6d828a050, C4<0>, C4<0>, C4<0>;
L_000001d6d8294e10 .functor AND 1, L_000001d6d8289fb0, L_000001d6d8294550, C4<1>, C4<1>;
L_000001d6d8294d30 .functor NOT 1, L_000001d6d828a5f0, C4<0>, C4<0>, C4<0>;
L_000001d6d82938a0 .functor AND 1, L_000001d6d8294e10, L_000001d6d8294d30, C4<1>, C4<1>;
L_000001d6d8293830 .functor OR 1, L_000001d6d82953c0, L_000001d6d82938a0, C4<0>, C4<0>;
L_000001d6d8294390 .functor AND 1, L_000001d6d8289fb0, L_000001d6d828a050, C4<1>, C4<1>;
L_000001d6d8293910 .functor AND 1, L_000001d6d8294390, L_000001d6d828a5f0, C4<1>, C4<1>;
L_000001d6d8294b70 .functor NOT 1, L_000001d6d828a050, C4<0>, C4<0>, C4<0>;
L_000001d6d8293980 .functor AND 1, L_000001d6d8289fb0, L_000001d6d8294b70, C4<1>, C4<1>;
L_000001d6d82949b0 .functor AND 1, L_000001d6d8293980, L_000001d6d828a5f0, C4<1>, C4<1>;
L_000001d6d8294fd0 .functor OR 1, L_000001d6d8293910, L_000001d6d82949b0, C4<0>, C4<0>;
L_000001d6d8293ec0 .functor NOT 1, L_000001d6d8289fb0, C4<0>, C4<0>, C4<0>;
L_000001d6d8293a60 .functor AND 1, L_000001d6d8293ec0, L_000001d6d828a050, C4<1>, C4<1>;
L_000001d6d8294be0 .functor AND 1, L_000001d6d8293a60, L_000001d6d828a5f0, C4<1>, C4<1>;
L_000001d6d8294010 .functor OR 1, L_000001d6d8294fd0, L_000001d6d8294be0, C4<0>, C4<0>;
L_000001d6d8294f60 .functor AND 1, L_000001d6d8289fb0, L_000001d6d828a050, C4<1>, C4<1>;
L_000001d6d8294cc0 .functor NOT 1, L_000001d6d828a5f0, C4<0>, C4<0>, C4<0>;
L_000001d6d8294da0 .functor AND 1, L_000001d6d8294f60, L_000001d6d8294cc0, C4<1>, C4<1>;
L_000001d6d8293bb0 .functor OR 1, L_000001d6d8294010, L_000001d6d8294da0, C4<0>, C4<0>;
v000001d6d8219e60_0 .net *"_ivl_0", 0 0, L_000001d6d82952e0;  1 drivers
v000001d6d8219be0_0 .net *"_ivl_10", 0 0, L_000001d6d8293d00;  1 drivers
v000001d6d82195a0_0 .net *"_ivl_12", 0 0, L_000001d6d8295350;  1 drivers
v000001d6d8219b40_0 .net *"_ivl_14", 0 0, L_000001d6d8294710;  1 drivers
v000001d6d82196e0_0 .net *"_ivl_16", 0 0, L_000001d6d8293b40;  1 drivers
v000001d6d821ab80_0 .net *"_ivl_18", 0 0, L_000001d6d8294860;  1 drivers
v000001d6d821a9a0_0 .net *"_ivl_2", 0 0, L_000001d6d8295120;  1 drivers
v000001d6d821a7c0_0 .net *"_ivl_20", 0 0, L_000001d6d8295190;  1 drivers
v000001d6d821b4e0_0 .net *"_ivl_22", 0 0, L_000001d6d82953c0;  1 drivers
v000001d6d8219c80_0 .net *"_ivl_24", 0 0, L_000001d6d8294550;  1 drivers
v000001d6d821b300_0 .net *"_ivl_26", 0 0, L_000001d6d8294e10;  1 drivers
v000001d6d821b9e0_0 .net *"_ivl_28", 0 0, L_000001d6d8294d30;  1 drivers
v000001d6d821b6c0_0 .net *"_ivl_30", 0 0, L_000001d6d82938a0;  1 drivers
v000001d6d821ac20_0 .net *"_ivl_34", 0 0, L_000001d6d8294390;  1 drivers
v000001d6d821bc60_0 .net *"_ivl_36", 0 0, L_000001d6d8293910;  1 drivers
v000001d6d821a400_0 .net *"_ivl_38", 0 0, L_000001d6d8294b70;  1 drivers
v000001d6d821a5e0_0 .net *"_ivl_4", 0 0, L_000001d6d82946a0;  1 drivers
v000001d6d821ba80_0 .net *"_ivl_40", 0 0, L_000001d6d8293980;  1 drivers
v000001d6d821b760_0 .net *"_ivl_42", 0 0, L_000001d6d82949b0;  1 drivers
v000001d6d8219a00_0 .net *"_ivl_44", 0 0, L_000001d6d8294fd0;  1 drivers
v000001d6d8219780_0 .net *"_ivl_46", 0 0, L_000001d6d8293ec0;  1 drivers
v000001d6d821bbc0_0 .net *"_ivl_48", 0 0, L_000001d6d8293a60;  1 drivers
v000001d6d8219960_0 .net *"_ivl_50", 0 0, L_000001d6d8294be0;  1 drivers
v000001d6d821b800_0 .net *"_ivl_52", 0 0, L_000001d6d8294010;  1 drivers
v000001d6d8219d20_0 .net *"_ivl_54", 0 0, L_000001d6d8294f60;  1 drivers
v000001d6d821aa40_0 .net *"_ivl_56", 0 0, L_000001d6d8294cc0;  1 drivers
v000001d6d821a860_0 .net *"_ivl_58", 0 0, L_000001d6d8294da0;  1 drivers
v000001d6d821b260_0 .net *"_ivl_6", 0 0, L_000001d6d8293e50;  1 drivers
v000001d6d821ae00_0 .net *"_ivl_8", 0 0, L_000001d6d8295270;  1 drivers
v000001d6d821a900_0 .net "a", 0 0, L_000001d6d8289fb0;  1 drivers
v000001d6d821a680_0 .net "b", 0 0, L_000001d6d828a050;  1 drivers
v000001d6d8219dc0_0 .net "cin", 0 0, L_000001d6d828a5f0;  1 drivers
v000001d6d821b120_0 .net "cout", 0 0, L_000001d6d8293bb0;  1 drivers
v000001d6d821b580_0 .net "sum", 0 0, L_000001d6d8293830;  1 drivers
S_000001d6d82889e0 .scope module, "FA6" "one_bit_full_adder" 3 22, 4 1 0, S_000001d6d816a110;
 .timescale 0 0;
    .port_info 0 /INPUT 1 "a";
    .port_info 1 /INPUT 1 "b";
    .port_info 2 /INPUT 1 "cin";
    .port_info 3 /OUTPUT 1 "sum";
    .port_info 4 /OUTPUT 1 "cout";
L_000001d6d8293c20 .functor AND 1, L_000001d6d828a0f0, L_000001d6d828a410, C4<1>, C4<1>;
L_000001d6d8295040 .functor AND 1, L_000001d6d8293c20, L_000001d6d828b6d0, C4<1>, C4<1>;
L_000001d6d8295200 .functor NOT 1, L_000001d6d828a0f0, C4<0>, C4<0>, C4<0>;
L_000001d6d82939f0 .functor NOT 1, L_000001d6d828a410, C4<0>, C4<0>, C4<0>;
L_000001d6d8293ad0 .functor AND 1, L_000001d6d8295200, L_000001d6d82939f0, C4<1>, C4<1>;
L_000001d6d8293c90 .functor AND 1, L_000001d6d8293ad0, L_000001d6d828b6d0, C4<1>, C4<1>;
L_000001d6d8293d70 .functor OR 1, L_000001d6d8295040, L_000001d6d8293c90, C4<0>, C4<0>;
L_000001d6d8293de0 .functor NOT 1, L_000001d6d828a0f0, C4<0>, C4<0>, C4<0>;
L_000001d6d8294240 .functor AND 1, L_000001d6d8293de0, L_000001d6d828a410, C4<1>, C4<1>;
L_000001d6d8293f30 .functor NOT 1, L_000001d6d828b6d0, C4<0>, C4<0>, C4<0>;
L_000001d6d8294400 .functor AND 1, L_000001d6d8294240, L_000001d6d8293f30, C4<1>, C4<1>;
L_000001d6d8293fa0 .functor OR 1, L_000001d6d8293d70, L_000001d6d8294400, C4<0>, C4<0>;
L_000001d6d82940f0 .functor NOT 1, L_000001d6d828a410, C4<0>, C4<0>, C4<0>;
L_000001d6d8294e80 .functor AND 1, L_000001d6d828a0f0, L_000001d6d82940f0, C4<1>, C4<1>;
L_000001d6d8294080 .functor NOT 1, L_000001d6d828b6d0, C4<0>, C4<0>, C4<0>;
L_000001d6d8294a20 .functor AND 1, L_000001d6d8294e80, L_000001d6d8294080, C4<1>, C4<1>;
L_000001d6d8294160 .functor OR 1, L_000001d6d8293fa0, L_000001d6d8294a20, C4<0>, C4<0>;
L_000001d6d82941d0 .functor AND 1, L_000001d6d828a0f0, L_000001d6d828a410, C4<1>, C4<1>;
L_000001d6d82942b0 .functor AND 1, L_000001d6d82941d0, L_000001d6d828b6d0, C4<1>, C4<1>;
L_000001d6d82947f0 .functor NOT 1, L_000001d6d828a410, C4<0>, C4<0>, C4<0>;
L_000001d6d8294470 .functor AND 1, L_000001d6d828a0f0, L_000001d6d82947f0, C4<1>, C4<1>;
L_000001d6d8294630 .functor AND 1, L_000001d6d8294470, L_000001d6d828b6d0, C4<1>, C4<1>;
L_000001d6d8294320 .functor OR 1, L_000001d6d82942b0, L_000001d6d8294630, C4<0>, C4<0>;
L_000001d6d82944e0 .functor NOT 1, L_000001d6d828a0f0, C4<0>, C4<0>, C4<0>;
L_000001d6d8294ef0 .functor AND 1, L_000001d6d82944e0, L_000001d6d828a410, C4<1>, C4<1>;
L_000001d6d82945c0 .functor AND 1, L_000001d6d8294ef0, L_000001d6d828b6d0, C4<1>, C4<1>;
L_000001d6d8294780 .functor OR 1, L_000001d6d8294320, L_000001d6d82945c0, C4<0>, C4<0>;
L_000001d6d8294a90 .functor AND 1, L_000001d6d828a0f0, L_000001d6d828a410, C4<1>, C4<1>;
L_000001d6d8294940 .functor NOT 1, L_000001d6d828b6d0, C4<0>, C4<0>, C4<0>;
L_000001d6d8294b00 .functor AND 1, L_000001d6d8294a90, L_000001d6d8294940, C4<1>, C4<1>;
L_000001d6d82956d0 .functor OR 1, L_000001d6d8294780, L_000001d6d8294b00, C4<0>, C4<0>;
v000001d6d8219aa0_0 .net *"_ivl_0", 0 0, L_000001d6d8293c20;  1 drivers
v000001d6d821a360_0 .net *"_ivl_10", 0 0, L_000001d6d8293c90;  1 drivers
v000001d6d821a4a0_0 .net *"_ivl_12", 0 0, L_000001d6d8293d70;  1 drivers
v000001d6d821aae0_0 .net *"_ivl_14", 0 0, L_000001d6d8293de0;  1 drivers
v000001d6d821bb20_0 .net *"_ivl_16", 0 0, L_000001d6d8294240;  1 drivers
v000001d6d8219f00_0 .net *"_ivl_18", 0 0, L_000001d6d8293f30;  1 drivers
v000001d6d82198c0_0 .net *"_ivl_2", 0 0, L_000001d6d8295040;  1 drivers
v000001d6d8219fa0_0 .net *"_ivl_20", 0 0, L_000001d6d8294400;  1 drivers
v000001d6d821a040_0 .net *"_ivl_22", 0 0, L_000001d6d8293fa0;  1 drivers
v000001d6d821bd00_0 .net *"_ivl_24", 0 0, L_000001d6d82940f0;  1 drivers
v000001d6d821b8a0_0 .net *"_ivl_26", 0 0, L_000001d6d8294e80;  1 drivers
v000001d6d821a0e0_0 .net *"_ivl_28", 0 0, L_000001d6d8294080;  1 drivers
v000001d6d8219820_0 .net *"_ivl_30", 0 0, L_000001d6d8294a20;  1 drivers
v000001d6d821b3a0_0 .net *"_ivl_34", 0 0, L_000001d6d82941d0;  1 drivers
v000001d6d821a180_0 .net *"_ivl_36", 0 0, L_000001d6d82942b0;  1 drivers
v000001d6d821a540_0 .net *"_ivl_38", 0 0, L_000001d6d82947f0;  1 drivers
v000001d6d821b1c0_0 .net *"_ivl_4", 0 0, L_000001d6d8295200;  1 drivers
v000001d6d821b940_0 .net *"_ivl_40", 0 0, L_000001d6d8294470;  1 drivers
v000001d6d821a220_0 .net *"_ivl_42", 0 0, L_000001d6d8294630;  1 drivers
v000001d6d821acc0_0 .net *"_ivl_44", 0 0, L_000001d6d8294320;  1 drivers
v000001d6d821b440_0 .net *"_ivl_46", 0 0, L_000001d6d82944e0;  1 drivers
v000001d6d8219640_0 .net *"_ivl_48", 0 0, L_000001d6d8294ef0;  1 drivers
v000001d6d821a2c0_0 .net *"_ivl_50", 0 0, L_000001d6d82945c0;  1 drivers
v000001d6d821a720_0 .net *"_ivl_52", 0 0, L_000001d6d8294780;  1 drivers
v000001d6d821ad60_0 .net *"_ivl_54", 0 0, L_000001d6d8294a90;  1 drivers
v000001d6d821aea0_0 .net *"_ivl_56", 0 0, L_000001d6d8294940;  1 drivers
v000001d6d821af40_0 .net *"_ivl_58", 0 0, L_000001d6d8294b00;  1 drivers
v000001d6d821afe0_0 .net *"_ivl_6", 0 0, L_000001d6d82939f0;  1 drivers
v000001d6d821b080_0 .net *"_ivl_8", 0 0, L_000001d6d8293ad0;  1 drivers
v000001d6d821cac0_0 .net "a", 0 0, L_000001d6d828a0f0;  1 drivers
v000001d6d821bf80_0 .net "b", 0 0, L_000001d6d828a410;  1 drivers
v000001d6d821d2e0_0 .net "cin", 0 0, L_000001d6d828b6d0;  1 drivers
v000001d6d821d380_0 .net "cout", 0 0, L_000001d6d82956d0;  1 drivers
v000001d6d821c160_0 .net "sum", 0 0, L_000001d6d8294160;  1 drivers
S_000001d6d8288d80 .scope module, "FA7" "one_bit_full_adder" 3 23, 4 1 0, S_000001d6d816a110;
 .timescale 0 0;
    .port_info 0 /INPUT 1 "a";
    .port_info 1 /INPUT 1 "b";
    .port_info 2 /INPUT 1 "cin";
    .port_info 3 /OUTPUT 1 "sum";
    .port_info 4 /OUTPUT 1 "cout";
L_000001d6d82954a0 .functor AND 1, L_000001d6d828b090, L_000001d6d828b1d0, C4<1>, C4<1>;
L_000001d6d8295740 .functor AND 1, L_000001d6d82954a0, L_000001d6d8289790, C4<1>, C4<1>;
L_000001d6d8295430 .functor NOT 1, L_000001d6d828b090, C4<0>, C4<0>, C4<0>;
L_000001d6d8295510 .functor NOT 1, L_000001d6d828b1d0, C4<0>, C4<0>, C4<0>;
L_000001d6d8295580 .functor AND 1, L_000001d6d8295430, L_000001d6d8295510, C4<1>, C4<1>;
L_000001d6d8295660 .functor AND 1, L_000001d6d8295580, L_000001d6d8289790, C4<1>, C4<1>;
L_000001d6d82955f0 .functor OR 1, L_000001d6d8295740, L_000001d6d8295660, C4<0>, C4<0>;
L_000001d6d82992b0 .functor NOT 1, L_000001d6d828b090, C4<0>, C4<0>, C4<0>;
L_000001d6d8298600 .functor AND 1, L_000001d6d82992b0, L_000001d6d828b1d0, C4<1>, C4<1>;
L_000001d6d8297e90 .functor NOT 1, L_000001d6d8289790, C4<0>, C4<0>, C4<0>;
L_000001d6d8299630 .functor AND 1, L_000001d6d8298600, L_000001d6d8297e90, C4<1>, C4<1>;
L_000001d6d8298f30 .functor OR 1, L_000001d6d82955f0, L_000001d6d8299630, C4<0>, C4<0>;
L_000001d6d8298b40 .functor NOT 1, L_000001d6d828b1d0, C4<0>, C4<0>, C4<0>;
L_000001d6d8297db0 .functor AND 1, L_000001d6d828b090, L_000001d6d8298b40, C4<1>, C4<1>;
L_000001d6d82989f0 .functor NOT 1, L_000001d6d8289790, C4<0>, C4<0>, C4<0>;
L_000001d6d8299080 .functor AND 1, L_000001d6d8297db0, L_000001d6d82989f0, C4<1>, C4<1>;
L_000001d6d8298670 .functor OR 1, L_000001d6d8298f30, L_000001d6d8299080, C4<0>, C4<0>;
L_000001d6d8298bb0 .functor AND 1, L_000001d6d828b090, L_000001d6d828b1d0, C4<1>, C4<1>;
L_000001d6d8298590 .functor AND 1, L_000001d6d8298bb0, L_000001d6d8289790, C4<1>, C4<1>;
L_000001d6d8298c20 .functor NOT 1, L_000001d6d828b1d0, C4<0>, C4<0>, C4<0>;
L_000001d6d82986e0 .functor AND 1, L_000001d6d828b090, L_000001d6d8298c20, C4<1>, C4<1>;
L_000001d6d8298980 .functor AND 1, L_000001d6d82986e0, L_000001d6d8289790, C4<1>, C4<1>;
L_000001d6d8297cd0 .functor OR 1, L_000001d6d8298590, L_000001d6d8298980, C4<0>, C4<0>;
L_000001d6d8298830 .functor NOT 1, L_000001d6d828b090, C4<0>, C4<0>, C4<0>;
L_000001d6d8299160 .functor AND 1, L_000001d6d8298830, L_000001d6d828b1d0, C4<1>, C4<1>;
L_000001d6d8297fe0 .functor AND 1, L_000001d6d8299160, L_000001d6d8289790, C4<1>, C4<1>;
L_000001d6d8297e20 .functor OR 1, L_000001d6d8297cd0, L_000001d6d8297fe0, C4<0>, C4<0>;
L_000001d6d8298d00 .functor AND 1, L_000001d6d828b090, L_000001d6d828b1d0, C4<1>, C4<1>;
L_000001d6d8298210 .functor NOT 1, L_000001d6d8289790, C4<0>, C4<0>, C4<0>;
L_000001d6d82994e0 .functor AND 1, L_000001d6d8298d00, L_000001d6d8298210, C4<1>, C4<1>;
L_000001d6d8299240 .functor OR 1, L_000001d6d8297e20, L_000001d6d82994e0, C4<0>, C4<0>;
v000001d6d821cfc0_0 .net *"_ivl_0", 0 0, L_000001d6d82954a0;  1 drivers
v000001d6d821c7a0_0 .net *"_ivl_10", 0 0, L_000001d6d8295660;  1 drivers
v000001d6d821c200_0 .net *"_ivl_12", 0 0, L_000001d6d82955f0;  1 drivers
v000001d6d821d060_0 .net *"_ivl_14", 0 0, L_000001d6d82992b0;  1 drivers
v000001d6d821d420_0 .net *"_ivl_16", 0 0, L_000001d6d8298600;  1 drivers
v000001d6d821c700_0 .net *"_ivl_18", 0 0, L_000001d6d8297e90;  1 drivers
v000001d6d821bda0_0 .net *"_ivl_2", 0 0, L_000001d6d8295740;  1 drivers
v000001d6d821c340_0 .net *"_ivl_20", 0 0, L_000001d6d8299630;  1 drivers
v000001d6d821ca20_0 .net *"_ivl_22", 0 0, L_000001d6d8298f30;  1 drivers
v000001d6d821d100_0 .net *"_ivl_24", 0 0, L_000001d6d8298b40;  1 drivers
v000001d6d821c8e0_0 .net *"_ivl_26", 0 0, L_000001d6d8297db0;  1 drivers
v000001d6d821be40_0 .net *"_ivl_28", 0 0, L_000001d6d82989f0;  1 drivers
v000001d6d821cf20_0 .net *"_ivl_30", 0 0, L_000001d6d8299080;  1 drivers
v000001d6d821c3e0_0 .net *"_ivl_34", 0 0, L_000001d6d8298bb0;  1 drivers
v000001d6d821cd40_0 .net *"_ivl_36", 0 0, L_000001d6d8298590;  1 drivers
v000001d6d821cde0_0 .net *"_ivl_38", 0 0, L_000001d6d8298c20;  1 drivers
v000001d6d821c520_0 .net *"_ivl_4", 0 0, L_000001d6d8295430;  1 drivers
v000001d6d821cb60_0 .net *"_ivl_40", 0 0, L_000001d6d82986e0;  1 drivers
v000001d6d821bee0_0 .net *"_ivl_42", 0 0, L_000001d6d8298980;  1 drivers
v000001d6d821c840_0 .net *"_ivl_44", 0 0, L_000001d6d8297cd0;  1 drivers
v000001d6d821ce80_0 .net *"_ivl_46", 0 0, L_000001d6d8298830;  1 drivers
v000001d6d821cc00_0 .net *"_ivl_48", 0 0, L_000001d6d8299160;  1 drivers
v000001d6d821d1a0_0 .net *"_ivl_50", 0 0, L_000001d6d8297fe0;  1 drivers
v000001d6d821c5c0_0 .net *"_ivl_52", 0 0, L_000001d6d8297e20;  1 drivers
v000001d6d821c980_0 .net *"_ivl_54", 0 0, L_000001d6d8298d00;  1 drivers
v000001d6d821c480_0 .net *"_ivl_56", 0 0, L_000001d6d8298210;  1 drivers
v000001d6d821cca0_0 .net *"_ivl_58", 0 0, L_000001d6d82994e0;  1 drivers
v000001d6d821c020_0 .net *"_ivl_6", 0 0, L_000001d6d8295510;  1 drivers
v000001d6d821d240_0 .net *"_ivl_8", 0 0, L_000001d6d8295580;  1 drivers
v000001d6d821c0c0_0 .net "a", 0 0, L_000001d6d828b090;  1 drivers
v000001d6d821c2a0_0 .net "b", 0 0, L_000001d6d828b1d0;  1 drivers
v000001d6d821c660_0 .net "cin", 0 0, L_000001d6d8289790;  1 drivers
v000001d6d8289d30_0 .net "cout", 0 0, L_000001d6d8299240;  alias, 1 drivers
v000001d6d828a190_0 .net "sum", 0 0, L_000001d6d8298670;  1 drivers
    .scope S_000001d6d81b7720;
T_0 ;
    %pushi/vec4 0, 0, 8;
    %store/vec4 v000001d6d828a7d0_0, 0, 8;
    %pushi/vec4 0, 0, 8;
    %store/vec4 v000001d6d8289290_0, 0, 8;
    %pushi/vec4 0, 0, 1;
    %store/vec4 v000001d6d828b630_0, 0, 1;
    %delay 5, 0;
    %vpi_call 2 18 "$display", "time=%d | %d + %d + %d = %d, carry = %d\012", $time, v000001d6d828a7d0_0, v000001d6d8289290_0, v000001d6d828b630_0, v000001d6d8289330_0, v000001d6d8289c90_0 {0 0 0};
    %pushi/vec4 2, 0, 8;
    %store/vec4 v000001d6d828a7d0_0, 0, 8;
    %pushi/vec4 4, 0, 8;
    %store/vec4 v000001d6d8289290_0, 0, 8;
    %pushi/vec4 1, 0, 1;
    %store/vec4 v000001d6d828b630_0, 0, 1;
    %delay 5, 0;
    %vpi_call 2 21 "$display", "time=%d | %d + %d + %d = %d, carry = %d\012", $time, v000001d6d828a7d0_0, v000001d6d8289290_0, v000001d6d828b630_0, v000001d6d8289330_0, v000001d6d8289c90_0 {0 0 0};
    %pushi/vec4 26, 0, 8;
    %store/vec4 v000001d6d828a7d0_0, 0, 8;
    %pushi/vec4 144, 0, 8;
    %store/vec4 v000001d6d8289290_0, 0, 8;
    %pushi/vec4 1, 0, 1;
    %store/vec4 v000001d6d828b630_0, 0, 1;
    %delay 5, 0;
    %vpi_call 2 24 "$display", "time=%d | %d + %d + %d = %d, carry = %d\012", $time, v000001d6d828a7d0_0, v000001d6d8289290_0, v000001d6d828b630_0, v000001d6d8289330_0, v000001d6d8289c90_0 {0 0 0};
    %pushi/vec4 128, 0, 8;
    %store/vec4 v000001d6d828a7d0_0, 0, 8;
    %pushi/vec4 8, 0, 8;
    %store/vec4 v000001d6d8289290_0, 0, 8;
    %pushi/vec4 0, 0, 1;
    %store/vec4 v000001d6d828b630_0, 0, 1;
    %delay 5, 0;
    %vpi_call 2 27 "$display", "time=%d | %d + %d + %d = %d, carry = %d\012", $time, v000001d6d828a7d0_0, v000001d6d8289290_0, v000001d6d828b630_0, v000001d6d8289330_0, v000001d6d8289c90_0 {0 0 0};
    %pushi/vec4 196, 0, 8;
    %store/vec4 v000001d6d828a7d0_0, 0, 8;
    %pushi/vec4 36, 0, 8;
    %store/vec4 v000001d6d8289290_0, 0, 8;
    %pushi/vec4 0, 0, 1;
    %store/vec4 v000001d6d828b630_0, 0, 1;
    %delay 5, 0;
    %vpi_call 2 30 "$display", "time=%d | %d + %d + %d = %d, carry = %d\012", $time, v000001d6d828a7d0_0, v000001d6d8289290_0, v000001d6d828b630_0, v000001d6d8289330_0, v000001d6d8289c90_0 {0 0 0};
    %pushi/vec4 14, 0, 8;
    %store/vec4 v000001d6d828a7d0_0, 0, 8;
    %pushi/vec4 6, 0, 8;
    %store/vec4 v000001d6d8289290_0, 0, 8;
    %pushi/vec4 1, 0, 1;
    %store/vec4 v000001d6d828b630_0, 0, 1;
    %delay 5, 0;
    %vpi_call 2 33 "$display", "time=%d | %d + %d + %d = %d, carry = %d\012", $time, v000001d6d828a7d0_0, v000001d6d8289290_0, v000001d6d828b630_0, v000001d6d8289330_0, v000001d6d8289c90_0 {0 0 0};
    %pushi/vec4 56, 0, 8;
    %store/vec4 v000001d6d828a7d0_0, 0, 8;
    %pushi/vec4 9, 0, 8;
    %store/vec4 v000001d6d8289290_0, 0, 8;
    %pushi/vec4 0, 0, 1;
    %store/vec4 v000001d6d828b630_0, 0, 1;
    %delay 5, 0;
    %vpi_call 2 36 "$display", "time=%d | %d + %d + %d = %d, carry = %d\012", $time, v000001d6d828a7d0_0, v000001d6d8289290_0, v000001d6d828b630_0, v000001d6d8289330_0, v000001d6d8289c90_0 {0 0 0};
    %pushi/vec4 35, 0, 8;
    %store/vec4 v000001d6d828a7d0_0, 0, 8;
    %pushi/vec4 12, 0, 8;
    %store/vec4 v000001d6d8289290_0, 0, 8;
    %pushi/vec4 1, 0, 1;
    %store/vec4 v000001d6d828b630_0, 0, 1;
    %delay 5, 0;
    %vpi_call 2 39 "$display", "time=%d | %d + %d + %d = %d, carry = %d\012", $time, v000001d6d828a7d0_0, v000001d6d8289290_0, v000001d6d828b630_0, v000001d6d8289330_0, v000001d6d8289c90_0 {0 0 0};
    %pushi/vec4 68, 0, 8;
    %store/vec4 v000001d6d828a7d0_0, 0, 8;
    %pushi/vec4 15, 0, 8;
    %store/vec4 v000001d6d8289290_0, 0, 8;
    %pushi/vec4 0, 0, 1;
    %store/vec4 v000001d6d828b630_0, 0, 1;
    %delay 5, 0;
    %vpi_call 2 42 "$display", "time=%d | %d + %d + %d = %d, carry = %d\012", $time, v000001d6d828a7d0_0, v000001d6d8289290_0, v000001d6d828b630_0, v000001d6d8289330_0, v000001d6d8289c90_0 {0 0 0};
    %pushi/vec4 84, 0, 8;
    %store/vec4 v000001d6d828a7d0_0, 0, 8;
    %pushi/vec4 50, 0, 8;
    %store/vec4 v000001d6d8289290_0, 0, 8;
    %pushi/vec4 1, 0, 1;
    %store/vec4 v000001d6d828b630_0, 0, 1;
    %delay 5, 0;
    %vpi_call 2 45 "$display", "time=%d | %d + %d + %d = %d, carry = %d\012", $time, v000001d6d828a7d0_0, v000001d6d8289290_0, v000001d6d828b630_0, v000001d6d8289330_0, v000001d6d8289c90_0 {0 0 0};
    %pushi/vec4 147, 0, 8;
    %store/vec4 v000001d6d828a7d0_0, 0, 8;
    %pushi/vec4 120, 0, 8;
    %store/vec4 v000001d6d8289290_0, 0, 8;
    %pushi/vec4 1, 0, 1;
    %store/vec4 v000001d6d828b630_0, 0, 1;
    %delay 5, 0;
    %vpi_call 2 48 "$display", "time=%d | %d + %d + %d = %d, carry = %d\012", $time, v000001d6d828a7d0_0, v000001d6d8289290_0, v000001d6d828b630_0, v000001d6d8289330_0, v000001d6d8289c90_0 {0 0 0};
    %pushi/vec4 17, 0, 8;
    %store/vec4 v000001d6d828a7d0_0, 0, 8;
    %pushi/vec4 10, 0, 8;
    %store/vec4 v000001d6d8289290_0, 0, 8;
    %pushi/vec4 1, 0, 1;
    %store/vec4 v000001d6d828b630_0, 0, 1;
    %delay 5, 0;
    %vpi_call 2 51 "$display", "time=%d | %d + %d + %d = %d, carry = %d\012", $time, v000001d6d828a7d0_0, v000001d6d8289290_0, v000001d6d828b630_0, v000001d6d8289330_0, v000001d6d8289c90_0 {0 0 0};
    %pushi/vec4 63, 0, 8;
    %store/vec4 v000001d6d828a7d0_0, 0, 8;
    %pushi/vec4 18, 0, 8;
    %store/vec4 v000001d6d8289290_0, 0, 8;
    %pushi/vec4 1, 0, 1;
    %store/vec4 v000001d6d828b630_0, 0, 1;
    %delay 5, 0;
    %vpi_call 2 54 "$display", "time=%d | %d + %d + %d = %d, carry = %d\012", $time, v000001d6d828a7d0_0, v000001d6d8289290_0, v000001d6d828b630_0, v000001d6d8289330_0, v000001d6d8289c90_0 {0 0 0};
    %pushi/vec4 170, 0, 8;
    %store/vec4 v000001d6d828a7d0_0, 0, 8;
    %pushi/vec4 25, 0, 8;
    %store/vec4 v000001d6d8289290_0, 0, 8;
    %pushi/vec4 0, 0, 1;
    %store/vec4 v000001d6d828b630_0, 0, 1;
    %delay 5, 0;
    %vpi_call 2 57 "$display", "time=%d | %d + %d + %d = %d, carry = %d\012", $time, v000001d6d828a7d0_0, v000001d6d8289290_0, v000001d6d828b630_0, v000001d6d8289330_0, v000001d6d8289c90_0 {0 0 0};
    %pushi/vec4 238, 0, 8;
    %store/vec4 v000001d6d828a7d0_0, 0, 8;
    %pushi/vec4 17, 0, 8;
    %store/vec4 v000001d6d8289290_0, 0, 8;
    %pushi/vec4 0, 0, 1;
    %store/vec4 v000001d6d828b630_0, 0, 1;
    %delay 5, 0;
    %vpi_call 2 60 "$display", "time=%d | %d + %d + %d = %d, carry = %d\012", $time, v000001d6d828a7d0_0, v000001d6d8289290_0, v000001d6d828b630_0, v000001d6d8289330_0, v000001d6d8289c90_0 {0 0 0};
    %vpi_call 2 61 "$finish" {0 0 0};
    %end;
    .thread T_0;
# The file index is used to find the file name in the following table.
:file_names 5;
    "N/A";
    "<interactive>";
    "A1Q1_eight_bit_adder_tb.v";
    "././A1Q1_eight_bit_adder.v";
    "././A1Q1_one_bit_full_adder.v";
